#
# There is insufficient memory for the Java Runtime Environment to continue.
# Native memory allocation (malloc) failed to allocate 32744 bytes for ChunkPool::allocate
# Possible reasons:
#   The system is out of physical RAM or swap space
#   The process is running with CompressedOops enabled, and the Java Heap may be blocking the growth of the native heap
# Possible solutions:
#   Reduce memory load on the system
#   Increase physical memory or swap space
#   Check if swap backing store is full
#   Decrease Java heap size (-Xmx/-Xms)
#   Decrease number of Java threads
#   Decrease Java thread stack sizes (-Xss)
#   Set larger code cache with -XX:ReservedCodeCacheSize=
#   JVM is running with Unscaled Compressed Oops mode in which the Java heap is
#     placed in the first 4GB address space. The Java Heap base address is the
#     maximum limit for the native heap growth. Please use -XX:HeapBaseMinAddress
#     to set the Java Heap base and to place the Java Heap above 4GB virtual address.
# This output file may be truncated or incomplete.
#
#  Out of Memory Error (./src/hotspot/share/memory/arena.cpp:81), pid=14436, tid=10076
#
# JRE version: OpenJDK Runtime Environment Microsoft-7208460 (11.0.18+10) (build 11.0.18+10-LTS)
# Java VM: OpenJDK 64-Bit Server VM Microsoft-7208460 (11.0.18+10-LTS, mixed mode, tiered, compressed oops, g1 gc, windows-amd64)
# No core dump will be written. Minidumps are not enabled by default on client versions of Windows
#

---------------  S U M M A R Y ------------

Command Line: -Xmx64m -Xms64m -Dorg.gradle.appname=gradlew org.gradle.wrapper.GradleWrapperMain app:installDebug -PreactNativeDevServerPort=8081

Host: Intel(R) Core(TM) i7-6600U CPU @ 2.60GHz, 4 cores, 7G,  Windows 10 , 64 bit Build 19041 (10.0.19041.3393)
Time: Thu Sep 28 00:03:10 2023 Pakistan Standard Time elapsed time: 366.291164 seconds (0d 0h 6m 6s)

---------------  T H R E A D  ---------------

Current thread (0x000001efd3184800):  JavaThread "C2 CompilerThread0" daemon [_thread_in_native, id=10076, stack(0x0000007fb8500000,0x0000007fb8600000)]


Current CompileTask:
C2: 366291 1779       4       java.lang.AbstractStringBuilder::append (60 bytes)

Stack: [0x0000007fb8500000,0x0000007fb8600000]
Native frames: (J=compiled Java code, j=interpreted, Vv=VM code, C=native code)
V  [jvm.dll+0x62bf8a]
V  [jvm.dll+0x7b8fb9]
V  [jvm.dll+0x7ba6a8]
V  [jvm.dll+0x7bad83]
V  [jvm.dll+0x250248]
V  [jvm.dll+0xc286b]
V  [jvm.dll+0xc2bcc]
V  [jvm.dll+0x60a8cd]
V  [jvm.dll+0x8975c]
V  [jvm.dll+0x63ecba]
V  [jvm.dll+0x63e196]
V  [jvm.dll+0x18ce8c]
V  [jvm.dll+0x2c3ea6]
V  [jvm.dll+0x649188]
V  [jvm.dll+0x640f3f]
V  [jvm.dll+0x6405cb]
V  [jvm.dll+0x63e485]
V  [jvm.dll+0x18ce8c]
V  [jvm.dll+0x208198]
V  [jvm.dll+0x18a4b1]
V  [jvm.dll+0x217eec]
V  [jvm.dll+0x21612b]
V  [jvm.dll+0x77bac0]
V  [jvm.dll+0x7749f4]
V  [jvm.dll+0x62adf5]
C  [ucrtbase.dll+0x21bb2]
C  [KERNEL32.DLL+0x17344]
C  [ntdll.dll+0x526b1]


---------------  P R O C E S S  ---------------

Threads class SMR info:
_java_thread_list=0x000001efd45f3f90, length=13, elements={
0x000001efb6bdd000, 0x000001efd3120000, 0x000001efd3129800, 0x000001efd317c000,
0x000001efd317f000, 0x000001efd3180800, 0x000001efd3184800, 0x000001efd3190000,
0x000001efd319a800, 0x000001efd340d800, 0x000001efd40e7000, 0x000001efd3ea7000,
0x000001efd476d800
}

Java Threads: ( => current thread )
  0x000001efb6bdd000 JavaThread "main" [_thread_in_native, id=23440, stack(0x0000007fb7900000,0x0000007fb7a00000)]
  0x000001efd3120000 JavaThread "Reference Handler" daemon [_thread_blocked, id=7180, stack(0x0000007fb8000000,0x0000007fb8100000)]
  0x000001efd3129800 JavaThread "Finalizer" daemon [_thread_blocked, id=20492, stack(0x0000007fb8100000,0x0000007fb8200000)]
  0x000001efd317c000 JavaThread "Signal Dispatcher" daemon [_thread_blocked, id=11340, stack(0x0000007fb8200000,0x0000007fb8300000)]
  0x000001efd317f000 JavaThread "Attach Listener" daemon [_thread_blocked, id=16800, stack(0x0000007fb8300000,0x0000007fb8400000)]
  0x000001efd3180800 JavaThread "Service Thread" daemon [_thread_blocked, id=15008, stack(0x0000007fb8400000,0x0000007fb8500000)]
=>0x000001efd3184800 JavaThread "C2 CompilerThread0" daemon [_thread_in_native, id=10076, stack(0x0000007fb8500000,0x0000007fb8600000)]
  0x000001efd3190000 JavaThread "C1 CompilerThread0" daemon [_thread_blocked, id=23188, stack(0x0000007fb8600000,0x0000007fb8700000)]
  0x000001efd319a800 JavaThread "Sweeper thread" daemon [_thread_blocked, id=21652, stack(0x0000007fb8700000,0x0000007fb8800000)]
  0x000001efd340d800 JavaThread "Common-Cleaner" daemon [_thread_blocked, id=13688, stack(0x0000007fb8900000,0x0000007fb8a00000)]
  0x000001efd40e7000 JavaThread "pool-1-thread-1" [_thread_in_native, id=3060, stack(0x0000007fb8c00000,0x0000007fb8d00000)]
  0x000001efd3ea7000 JavaThread "DisconnectableInputStream source reader" daemon [_thread_in_native, id=13748, stack(0x0000007fb8d00000,0x0000007fb8e00000)]
  0x000001efd476d800 JavaThread "Forward input" [_thread_blocked, id=16416, stack(0x0000007fb8e00000,0x0000007fb8f00000)]

Other Threads:
  0x000001efd30fb800 VMThread "VM Thread" [stack: 0x0000007fb7f00000,0x0000007fb8000000] [id=18308]
  0x000001efd3401800 WatcherThread [stack: 0x0000007fb8800000,0x0000007fb8900000] [id=18080]
  0x000001efb6bf3800 GCTaskThread "GC Thread#0" [stack: 0x0000007fb7a00000,0x0000007fb7b00000] [id=15744]
  0x000001efd3815800 GCTaskThread "GC Thread#1" [stack: 0x0000007fb8a00000,0x0000007fb8b00000] [id=22368]
  0x000001efd3e8a800 GCTaskThread "GC Thread#2" [stack: 0x0000007fb7700000,0x0000007fb7800000] [id=10484]
  0x000001efd32f6800 GCTaskThread "GC Thread#3" [stack: 0x0000007fb7800000,0x0000007fb7900000] [id=11004]
  0x000001efb6bfa800 ConcurrentGCThread "G1 Main Marker" [stack: 0x0000007fb7b00000,0x0000007fb7c00000] [id=19480]
  0x000001efb6bfc000 ConcurrentGCThread "G1 Conc#0" [stack: 0x0000007fb7c00000,0x0000007fb7d00000] [id=14668]
  0x000001efb6c53000 ConcurrentGCThread "G1 Refine#0" [stack: 0x0000007fb7d00000,0x0000007fb7e00000] [id=8436]
  0x000001efb6c56000 ConcurrentGCThread "G1 Young RemSet Sampling" [stack: 0x0000007fb7e00000,0x0000007fb7f00000] [id=21004]

Threads with active compile tasks:
C2 CompilerThread0   366356 1779       4       java.lang.AbstractStringBuilder::append (60 bytes)

VM state:not at safepoint (normal execution)

VM Mutex/Monitor currently owned by a thread: None

Heap address: 0x00000000fc000000, size: 64 MB, Compressed Oops mode: 32-bit
Narrow klass base: 0x0000000000000000, Narrow klass shift: 3
Compressed class space size: 1073741824 Address: 0x0000000100000000

Heap:
 garbage-first heap   total 65536K, used 15239K [0x00000000fc000000, 0x0000000100000000)
  region size 1024K, 10 young (10240K), 5 survivors (5120K)
 Metaspace       used 16132K, capacity 16438K, committed 16512K, reserved 1064960K
  class space    used 1803K, capacity 1908K, committed 1920K, reserved 1048576K
Heap Regions: E=young(eden), S=young(survivor), O=old, HS=humongous(starts), HC=humongous(continues), CS=collection set, F=free, A=archive, TAMS=top-at-mark-start (previous, next)
|   0|0x00000000fc000000, 0x00000000fc100000, 0x00000000fc100000|100%| O|  |TAMS 0x00000000fc000000, 0x00000000fc000000| Untracked 
|   1|0x00000000fc100000, 0x00000000fc1e1e00, 0x00000000fc200000| 88%| O|  |TAMS 0x00000000fc100000, 0x00000000fc100000| Untracked 
|   2|0x00000000fc200000, 0x00000000fc300000, 0x00000000fc300000|100%|HS|  |TAMS 0x00000000fc200000, 0x00000000fc200000| Complete 
|   3|0x00000000fc300000, 0x00000000fc400000, 0x00000000fc400000|100%|HC|  |TAMS 0x00000000fc300000, 0x00000000fc300000| Complete 
|   4|0x00000000fc400000, 0x00000000fc500000, 0x00000000fc500000|100%|HC|  |TAMS 0x00000000fc400000, 0x00000000fc400000| Complete 
|   5|0x00000000fc500000, 0x00000000fc600000, 0x00000000fc600000|100%|HC|  |TAMS 0x00000000fc500000, 0x00000000fc500000| Complete 
|   6|0x00000000fc600000, 0x00000000fc600000, 0x00000000fc700000|  0%| F|  |TAMS 0x00000000fc600000, 0x00000000fc600000| Untracked 
|   7|0x00000000fc700000, 0x00000000fc700000, 0x00000000fc800000|  0%| F|  |TAMS 0x00000000fc700000, 0x00000000fc700000| Untracked 
|   8|0x00000000fc800000, 0x00000000fc800000, 0x00000000fc900000|  0%| F|  |TAMS 0x00000000fc800000, 0x00000000fc800000| Untracked 
|   9|0x00000000fc900000, 0x00000000fc900000, 0x00000000fca00000|  0%| F|  |TAMS 0x00000000fc900000, 0x00000000fc900000| Untracked 
|  10|0x00000000fca00000, 0x00000000fca00000, 0x00000000fcb00000|  0%| F|  |TAMS 0x00000000fca00000, 0x00000000fca00000| Untracked 
|  11|0x00000000fcb00000, 0x00000000fcb00000, 0x00000000fcc00000|  0%| F|  |TAMS 0x00000000fcb00000, 0x00000000fcb00000| Untracked 
|  12|0x00000000fcc00000, 0x00000000fcc00000, 0x00000000fcd00000|  0%| F|  |TAMS 0x00000000fcc00000, 0x00000000fcc00000| Untracked 
|  13|0x00000000fcd00000, 0x00000000fcd00000, 0x00000000fce00000|  0%| F|  |TAMS 0x00000000fcd00000, 0x00000000fcd00000| Untracked 
|  14|0x00000000fce00000, 0x00000000fce00000, 0x00000000fcf00000|  0%| F|  |TAMS 0x00000000fce00000, 0x00000000fce00000| Untracked 
|  15|0x00000000fcf00000, 0x00000000fcf00000, 0x00000000fd000000|  0%| F|  |TAMS 0x00000000fcf00000, 0x00000000fcf00000| Untracked 
|  16|0x00000000fd000000, 0x00000000fd000000, 0x00000000fd100000|  0%| F|  |TAMS 0x00000000fd000000, 0x00000000fd000000| Untracked 
|  17|0x00000000fd100000, 0x00000000fd100000, 0x00000000fd200000|  0%| F|  |TAMS 0x00000000fd100000, 0x00000000fd100000| Untracked 
|  18|0x00000000fd200000, 0x00000000fd200000, 0x00000000fd300000|  0%| F|  |TAMS 0x00000000fd200000, 0x00000000fd200000| Untracked 
|  19|0x00000000fd300000, 0x00000000fd300000, 0x00000000fd400000|  0%| F|  |TAMS 0x00000000fd300000, 0x00000000fd300000| Untracked 
|  20|0x00000000fd400000, 0x00000000fd400000, 0x00000000fd500000|  0%| F|  |TAMS 0x00000000fd400000, 0x00000000fd400000| Untracked 
|  21|0x00000000fd500000, 0x00000000fd600000, 0x00000000fd600000|100%| S|CS|TAMS 0x00000000fd500000, 0x00000000fd500000| Complete 
|  22|0x00000000fd600000, 0x00000000fd700000, 0x00000000fd700000|100%| S|CS|TAMS 0x00000000fd600000, 0x00000000fd600000| Complete 
|  23|0x00000000fd700000, 0x00000000fd800000, 0x00000000fd800000|100%| S|CS|TAMS 0x00000000fd700000, 0x00000000fd700000| Complete 
|  24|0x00000000fd800000, 0x00000000fd900000, 0x00000000fd900000|100%| S|CS|TAMS 0x00000000fd800000, 0x00000000fd800000| Complete 
|  25|0x00000000fd900000, 0x00000000fda00000, 0x00000000fda00000|100%| S|CS|TAMS 0x00000000fd900000, 0x00000000fd900000| Complete 
|  26|0x00000000fda00000, 0x00000000fda00000, 0x00000000fdb00000|  0%| F|  |TAMS 0x00000000fda00000, 0x00000000fda00000| Untracked 
|  27|0x00000000fdb00000, 0x00000000fdb00000, 0x00000000fdc00000|  0%| F|  |TAMS 0x00000000fdb00000, 0x00000000fdb00000| Untracked 
|  28|0x00000000fdc00000, 0x00000000fdc00000, 0x00000000fdd00000|  0%| F|  |TAMS 0x00000000fdc00000, 0x00000000fdc00000| Untracked 
|  29|0x00000000fdd00000, 0x00000000fdd00000, 0x00000000fde00000|  0%| F|  |TAMS 0x00000000fdd00000, 0x00000000fdd00000| Untracked 
|  30|0x00000000fde00000, 0x00000000fde00000, 0x00000000fdf00000|  0%| F|  |TAMS 0x00000000fde00000, 0x00000000fde00000| Untracked 
|  31|0x00000000fdf00000, 0x00000000fdf00000, 0x00000000fe000000|  0%| F|  |TAMS 0x00000000fdf00000, 0x00000000fdf00000| Untracked 
|  32|0x00000000fe000000, 0x00000000fe000000, 0x00000000fe100000|  0%| F|  |TAMS 0x00000000fe000000, 0x00000000fe000000| Untracked 
|  33|0x00000000fe100000, 0x00000000fe100000, 0x00000000fe200000|  0%| F|  |TAMS 0x00000000fe100000, 0x00000000fe100000| Untracked 
|  34|0x00000000fe200000, 0x00000000fe200000, 0x00000000fe300000|  0%| F|  |TAMS 0x00000000fe200000, 0x00000000fe200000| Untracked 
|  35|0x00000000fe300000, 0x00000000fe300000, 0x00000000fe400000|  0%| F|  |TAMS 0x00000000fe300000, 0x00000000fe300000| Untracked 
|  36|0x00000000fe400000, 0x00000000fe400000, 0x00000000fe500000|  0%| F|  |TAMS 0x00000000fe400000, 0x00000000fe400000| Untracked 
|  37|0x00000000fe500000, 0x00000000fe500000, 0x00000000fe600000|  0%| F|  |TAMS 0x00000000fe500000, 0x00000000fe500000| Untracked 
|  38|0x00000000fe600000, 0x00000000fe600000, 0x00000000fe700000|  0%| F|  |TAMS 0x00000000fe600000, 0x00000000fe600000| Untracked 
|  39|0x00000000fe700000, 0x00000000fe700000, 0x00000000fe800000|  0%| F|  |TAMS 0x00000000fe700000, 0x00000000fe700000| Untracked 
|  40|0x00000000fe800000, 0x00000000fe800000, 0x00000000fe900000|  0%| F|  |TAMS 0x00000000fe800000, 0x00000000fe800000| Untracked 
|  41|0x00000000fe900000, 0x00000000fe900000, 0x00000000fea00000|  0%| F|  |TAMS 0x00000000fe900000, 0x00000000fe900000| Untracked 
|  42|0x00000000fea00000, 0x00000000fea00000, 0x00000000feb00000|  0%| F|  |TAMS 0x00000000fea00000, 0x00000000fea00000| Untracked 
|  43|0x00000000feb00000, 0x00000000feb00000, 0x00000000fec00000|  0%| F|  |TAMS 0x00000000feb00000, 0x00000000feb00000| Untracked 
|  44|0x00000000fec00000, 0x00000000fec00000, 0x00000000fed00000|  0%| F|  |TAMS 0x00000000fec00000, 0x00000000fec00000| Untracked 
|  45|0x00000000fed00000, 0x00000000fed00000, 0x00000000fee00000|  0%| F|  |TAMS 0x00000000fed00000, 0x00000000fed00000| Untracked 
|  46|0x00000000fee00000, 0x00000000fee00000, 0x00000000fef00000|  0%| F|  |TAMS 0x00000000fee00000, 0x00000000fee00000| Untracked 
|  47|0x00000000fef00000, 0x00000000fef00000, 0x00000000ff000000|  0%| F|  |TAMS 0x00000000fef00000, 0x00000000fef00000| Untracked 
|  48|0x00000000ff000000, 0x00000000ff000000, 0x00000000ff100000|  0%| F|  |TAMS 0x00000000ff000000, 0x00000000ff000000| Untracked 
|  49|0x00000000ff100000, 0x00000000ff100000, 0x00000000ff200000|  0%| F|  |TAMS 0x00000000ff100000, 0x00000000ff100000| Untracked 
|  50|0x00000000ff200000, 0x00000000ff200000, 0x00000000ff300000|  0%| F|  |TAMS 0x00000000ff200000, 0x00000000ff200000| Untracked 
|  51|0x00000000ff300000, 0x00000000ff300000, 0x00000000ff400000|  0%| F|  |TAMS 0x00000000ff300000, 0x00000000ff300000| Untracked 
|  52|0x00000000ff400000, 0x00000000ff400000, 0x00000000ff500000|  0%| F|  |TAMS 0x00000000ff400000, 0x00000000ff400000| Untracked 
|  53|0x00000000ff500000, 0x00000000ff500000, 0x00000000ff600000|  0%| F|  |TAMS 0x00000000ff500000, 0x00000000ff500000| Untracked 
|  54|0x00000000ff600000, 0x00000000ff600000, 0x00000000ff700000|  0%| F|  |TAMS 0x00000000ff600000, 0x00000000ff600000| Untracked 
|  55|0x00000000ff700000, 0x00000000ff700000, 0x00000000ff800000|  0%| F|  |TAMS 0x00000000ff700000, 0x00000000ff700000| Untracked 
|  56|0x00000000ff800000, 0x00000000ff800000, 0x00000000ff900000|  0%| F|  |TAMS 0x00000000ff800000, 0x00000000ff800000| Untracked 
|  57|0x00000000ff900000, 0x00000000ff900000, 0x00000000ffa00000|  0%| F|  |TAMS 0x00000000ff900000, 0x00000000ff900000| Untracked 
|  58|0x00000000ffa00000, 0x00000000ffa00000, 0x00000000ffb00000|  0%| F|  |TAMS 0x00000000ffa00000, 0x00000000ffa00000| Untracked 
|  59|0x00000000ffb00000, 0x00000000ffbe97e8, 0x00000000ffc00000| 91%| E|  |TAMS 0x00000000ffb00000, 0x00000000ffb00000| Complete 
|  60|0x00000000ffc00000, 0x00000000ffd00000, 0x00000000ffd00000|100%| E|CS|TAMS 0x00000000ffc00000, 0x00000000ffc00000| Complete 
|  61|0x00000000ffd00000, 0x00000000ffe00000, 0x00000000ffe00000|100%| E|CS|TAMS 0x00000000ffd00000, 0x00000000ffd00000| Complete 
|  62|0x00000000ffe00000, 0x00000000fff00000, 0x00000000fff00000|100%| E|CS|TAMS 0x00000000ffe00000, 0x00000000ffe00000| Complete 
|  63|0x00000000fff00000, 0x0000000100000000, 0x0000000100000000|100%| E|CS|TAMS 0x00000000fff00000, 0x00000000fff00000| Complete 

Card table byte_map: [0x000001efb6cc0000,0x000001efb6ce0000] _byte_map_base: 0x000001efb64e0000

Marking Bits (Prev, Next): (CMBitMap*) 0x000001efb6bf9668, (CMBitMap*) 0x000001efb6bf96a0
 Prev Bits: [0x000001efd0170000, 0x000001efd0270000)
 Next Bits: [0x000001efd0270000, 0x000001efd0370000)

Polling page: 0x000001efb6a70000

Metaspace:

Usage:
  Non-class:     14.19 MB capacity,    13.99 MB ( 99%) used,   177.49 KB (  1%) free+waste,    22.94 KB ( <1%) overhead. 
      Class:      1.86 MB capacity,     1.76 MB ( 94%) used,    93.95 KB (  5%) free+waste,    11.00 KB ( <1%) overhead. 
       Both:     16.05 MB capacity,    15.75 MB ( 98%) used,   271.44 KB (  2%) free+waste,    33.94 KB ( <1%) overhead. 

Virtual space:
  Non-class space:       16.00 MB reserved,      14.25 MB ( 89%) committed 
      Class space:        1.00 GB reserved,       1.88 MB ( <1%) committed 
             Both:        1.02 GB reserved,      16.13 MB (  2%) committed 

Chunk freelists:
   Non-Class:  0 bytes
       Class:  12.00 KB
        Both:  12.00 KB

MaxMetaspaceSize: 17179869184.00 GB
CompressedClassSpaceSize: 1.00 GB
Initial GC threshold: 20.80 MB
Current GC threshold: 20.80 MB
CDS: off

CodeHeap 'non-profiled nmethods': size=120064Kb used=854Kb max_used=854Kb free=119209Kb
 bounds [0x000001efc85f0000, 0x000001efc8860000, 0x000001efcfb30000]
CodeHeap 'profiled nmethods': size=120000Kb used=3379Kb max_used=3379Kb free=116620Kb
 bounds [0x000001efc10c0000, 0x000001efc1410000, 0x000001efc85f0000]
CodeHeap 'non-nmethods': size=5696Kb used=1163Kb max_used=1201Kb free=4532Kb
 bounds [0x000001efc0b30000, 0x000001efc0da0000, 0x000001efc10c0000]
 total_blobs=2205 nmethods=1777 adapters=341
 compilation: enabled
              stopped_count=0, restarted_count=0
 full_count=0

Compilation events (20 events):
Event: 303.919 Thread 0x000001efd3184800 nmethod 1769 0x000001efc86bb010 code [0x000001efc86bb1c0, 0x000001efc86bb298]
Event: 303.919 Thread 0x000001efd3184800 1770       4       jdk.internal.reflect.DelegatingMethodAccessorImpl::invoke (10 bytes)
Event: 303.922 Thread 0x000001efd3184800 nmethod 1770 0x000001efc86bb410 code [0x000001efc86bb5c0, 0x000001efc86bb768]
Event: 303.922 Thread 0x000001efd3190000 1771       3       com.esotericsoftware.kryo.io.Input::require (220 bytes)
Event: 303.923 Thread 0x000001efd3190000 nmethod 1771 0x000001efc140a010 code [0x000001efc140a300, 0x000001efc140b078]
Event: 303.933 Thread 0x000001efd3184800 1772   !   4       org.gradle.internal.logging.sink.OutputEventRenderer::onOutput (101 bytes)
Event: 303.938 Thread 0x000001efd3184800 nmethod 1772 0x000001efc86bb990 code [0x000001efc86bbb60, 0x000001efc86bbfc8]
Event: 303.939 Thread 0x000001efd3184800 1773       4       org.gradle.internal.logging.sink.OutputEventTransformer::onOutput (399 bytes)
Event: 304.104 Thread 0x000001efd3184800 nmethod 1773 0x000001efc86bc290 code [0x000001efc86bc880, 0x000001efc86c0048]
Event: 304.105 Thread 0x000001efd3184800 1774       4       org.gradle.internal.logging.sink.OutputEventListenerManager$1::onOutput (33 bytes)
Event: 304.116 Thread 0x000001efd3184800 nmethod 1774 0x000001efc86c3310 code [0x000001efc86c34e0, 0x000001efc86c3a28]
Event: 309.882 Thread 0x000001efd3190000 1775       3       org.fusesource.jansi.Ansi::fg (17 bytes)
Event: 309.883 Thread 0x000001efd3190000 nmethod 1775 0x000001efc140b590 code [0x000001efc140b7e0, 0x000001efc140c118]
Event: 332.286 Thread 0x000001efd3190000 1776       3       java.lang.ref.ReferenceQueue::reallyPoll (65 bytes)
Event: 332.287 Thread 0x000001efd3190000 nmethod 1776 0x000001efc140c510 code [0x000001efc140c700, 0x000001efc140cbf8]
Event: 333.864 Thread 0x000001efd3184800 1777   !   4       org.gradle.internal.remote.internal.inet.SocketConnection::receive (142 bytes)
Event: 333.890 Thread 0x000001efd3184800 nmethod 1777 0x000001efc86c3e10 code [0x000001efc86c4080, 0x000001efc86c4ba0]
Event: 363.415 Thread 0x000001efd3184800 1778       4       java.util.concurrent.TimeUnit::convert (77 bytes)
Event: 363.436 Thread 0x000001efd3184800 nmethod 1778 0x000001efc86c5590 code [0x000001efc86c5720, 0x000001efc86c5818]
Event: 366.231 Thread 0x000001efd3184800 1779       4       java.lang.AbstractStringBuilder::append (60 bytes)

GC Heap History (4 events):
Event: 1.127 GC heap before
{Heap before GC invocations=0 (full 0):
 garbage-first heap   total 65536K, used 13312K [0x00000000fc000000, 0x0000000100000000)
  region size 1024K, 14 young (14336K), 0 survivors (0K)
 Metaspace       used 7857K, capacity 8017K, committed 8192K, reserved 1056768K
  class space    used 692K, capacity 754K, committed 768K, reserved 1048576K
}
Event: 1.134 GC heap after
{Heap after GC invocations=1 (full 0):
 garbage-first heap   total 65536K, used 3353K [0x00000000fc000000, 0x0000000100000000)
  region size 1024K, 2 young (2048K), 2 survivors (2048K)
 Metaspace       used 7857K, capacity 8017K, committed 8192K, reserved 1056768K
  class space    used 692K, capacity 754K, committed 768K, reserved 1048576K
}
Event: 212.238 GC heap before
{Heap before GC invocations=1 (full 0):
 garbage-first heap   total 65536K, used 44313K [0x00000000fc000000, 0x0000000100000000)
  region size 1024K, 38 young (38912K), 2 survivors (2048K)
 Metaspace       used 15975K, capacity 16235K, committed 16256K, reserved 1062912K
  class space    used 1785K, capacity 1903K, committed 1920K, reserved 1048576K
}
Event: 212.253 GC heap after
{Heap after GC invocations=2 (full 0):
 garbage-first heap   total 65536K, used 11143K [0x00000000fc000000, 0x0000000100000000)
  region size 1024K, 5 young (5120K), 5 survivors (5120K)
 Metaspace       used 15975K, capacity 16235K, committed 16256K, reserved 1062912K
  class space    used 1785K, capacity 1903K, committed 1920K, reserved 1048576K
}

Deoptimization events (20 events):
Event: 265.262 Thread 0x000001efd40e7000 Uncommon trap: trap_request=0xffffffde fr.pc=0x000001efc869d588 relative=0x0000000000007808
Event: 265.262 Thread 0x000001efd40e7000 Uncommon trap: reason=class_check action=maybe_recompile pc=0x000001efc869d588 method=org.gradle.internal.logging.sink.GroupingProgressLogEventGenerator.onOutput(Lorg/gradle/internal/logging/events/OutputEvent;)V @ 27 c2
Event: 265.262 Thread 0x000001efd40e7000 DEOPT PACKING pc=0x000001efc869d588 sp=0x0000007fb8cff270
Event: 265.262 Thread 0x000001efd40e7000 DEOPT UNPACKING pc=0x000001efc0b7a1af sp=0x0000007fb8cff180 mode 2
Event: 265.262 Thread 0x000001efd40e7000 Uncommon trap: trap_request=0xffffffde fr.pc=0x000001efc869d588 relative=0x0000000000007808
Event: 265.262 Thread 0x000001efd40e7000 Uncommon trap: reason=class_check action=maybe_recompile pc=0x000001efc869d588 method=org.gradle.internal.logging.sink.GroupingProgressLogEventGenerator.onOutput(Lorg/gradle/internal/logging/events/OutputEvent;)V @ 27 c2
Event: 265.262 Thread 0x000001efd40e7000 DEOPT PACKING pc=0x000001efc869d588 sp=0x0000007fb8cff270
Event: 265.262 Thread 0x000001efd40e7000 DEOPT UNPACKING pc=0x000001efc0b7a1af sp=0x0000007fb8cff180 mode 2
Event: 265.338 Thread 0x000001efd40e7000 Uncommon trap: trap_request=0xffffff4d fr.pc=0x000001efc869bebc relative=0x000000000000613c
Event: 265.338 Thread 0x000001efd40e7000 Uncommon trap: reason=unstable_if action=reinterpret pc=0x000001efc869bebc method=org.gradle.internal.logging.console.AnsiConsole.redraw()V @ 39 c2
Event: 265.338 Thread 0x000001efd40e7000 DEOPT PACKING pc=0x000001efc869bebc sp=0x0000007fb8cff270
Event: 265.338 Thread 0x000001efd40e7000 DEOPT UNPACKING pc=0x000001efc0b7a1af sp=0x0000007fb8cff188 mode 2
Event: 274.485 Thread 0x000001efd40e7000 Uncommon trap: trap_request=0xffffffde fr.pc=0x000001efc86a4594 relative=0x0000000000001494
Event: 274.485 Thread 0x000001efd40e7000 Uncommon trap: reason=class_check action=maybe_recompile pc=0x000001efc86a4594 method=org.gradle.internal.logging.sink.GroupingProgressLogEventGenerator.onOutput(Lorg/gradle/internal/logging/events/OutputEvent;)V @ 27 c2
Event: 274.485 Thread 0x000001efd40e7000 DEOPT PACKING pc=0x000001efc86a4594 sp=0x0000007fb8cff230
Event: 274.485 Thread 0x000001efd40e7000 DEOPT UNPACKING pc=0x000001efc0b7a1af sp=0x0000007fb8cff160 mode 2
Event: 303.868 Thread 0x000001efb6bdd000 Uncommon trap: trap_request=0xffffff4d fr.pc=0x000001efc8673ffc relative=0x00000000000001bc
Event: 303.868 Thread 0x000001efb6bdd000 Uncommon trap: reason=unstable_if action=reinterpret pc=0x000001efc8673ffc method=com.esotericsoftware.kryo.io.Input.require(I)I @ 65 c2
Event: 303.868 Thread 0x000001efb6bdd000 DEOPT PACKING pc=0x000001efc8673ffc sp=0x0000007fb79fbed0
Event: 303.868 Thread 0x000001efb6bdd000 DEOPT UNPACKING pc=0x000001efc0b7a1af sp=0x0000007fb79fbe80 mode 2

Classes redefined (0 events):
No events

Internal exceptions (14 events):
Event: 0.545 Thread 0x000001efb6bdd000 Exception <a 'java/lang/NoSuchMethodError'{0x00000000ffc51c30}: 'int java.lang.invoke.DirectMethodHandle$Holder.invokeStaticInit(java.lang.Object, java.lang.Object)'> (0x00000000ffc51c30) thrown at [./src/hotspot/share/interpreter/linkResolver.cpp, line 773]
Event: 0.624 Thread 0x000001efb6bdd000 Exception <a 'java/lang/NoSuchMethodError'{0x00000000ffb252d0}: 'int java.lang.invoke.DirectMethodHandle$Holder.invokeSpecial(java.lang.Object, java.lang.Object, java.lang.Object, java.lang.Object)'> (0x00000000ffb252d0) thrown at [./src/hotspot/share/interpreter/linkResolver.cpp, line 773]
Event: 0.635 Thread 0x000001efb6bdd000 Exception <a 'java/lang/NoSuchMethodError'{0x00000000ffb5d808}: 'int java.lang.invoke.DirectMethodHandle$Holder.invokeSpecialIFC(java.lang.Object, java.lang.Object, int)'> (0x00000000ffb5d808) thrown at [./src/hotspot/share/interpreter/linkResolver.cpp, line 773]
Event: 1.594 Thread 0x000001efb6bdd000 Implicit null exception at 0x000001efc86303f5 to 0x000001efc86305c0
Event: 1.660 Thread 0x000001efb6bdd000 Exception <a 'java/lang/NoClassDefFoundError'{0x00000000ff64ef88}: org/slf4j/impl/StaticMarkerBinder> (0x00000000ff64ef88) thrown at [./src/hotspot/share/classfile/systemDictionary.cpp, line 219]
Event: 1.691 Thread 0x000001efb6bdd000 Exception <a 'java/lang/NoSuchMethodError'{0x00000000ff550128}: 'java.lang.Object java.lang.invoke.DirectMethodHandle$Holder.invokeVirtual(java.lang.Object, java.lang.Object, java.lang.Object, java.lang.Object, java.lang.Object, java.lang.Object, java.lang.Object)'> (0x00000000ff550128) thrown at [./src/hotspot/share/interpreter/linkResolver.cpp, line 773]
Event: 1.696 Thread 0x000001efb6bdd000 Exception <a 'java/lang/NoSuchMethodError'{0x00000000ff563c30}: 'java.lang.Object java.lang.invoke.Invokers$Holder.invoker(java.lang.Object, java.lang.Object, java.lang.Object)'> (0x00000000ff563c30) thrown at [./src/hotspot/share/interpreter/linkResolver.cpp, line 773]
Event: 1.702 Thread 0x000001efb6bdd000 Exception <a 'java/lang/NoSuchMethodError'{0x00000000ff574958}: 'void java.lang.invoke.DelegatingMethodHandle$Holder.delegate(java.lang.Object, java.lang.Object, int, java.lang.Object)'> (0x00000000ff574958) thrown at [./src/hotspot/share/interpreter/linkResolver.cpp, line 773]
Event: 2.156 Thread 0x000001efb6bdd000 Exception <a 'java/lang/NoSuchMethodError'{0x00000000fe842448}: 'java.lang.Object java.lang.invoke.DirectMethodHandle$Holder.invokeStaticInit(java.lang.Object, java.lang.Object, java.lang.Object)'> (0x00000000fe842448) thrown at [./src/hotspot/share/interpreter/linkResolver.cpp, line 773]
Event: 2.512 Thread 0x000001efb6bdd000 Exception <a 'java/lang/NoSuchMethodError'{0x00000000fe314a10}: 'java.lang.Object java.lang.invoke.DirectMethodHandle$Holder.invokeStaticInit(java.lang.Object, int, int, int, int)'> (0x00000000fe314a10) thrown at [./src/hotspot/share/interpreter/linkResolver.cpp, line 773]
Event: 3.031 Thread 0x000001efb6bdd000 Exception <a 'java/lang/NoSuchMethodError'{0x00000000fe376980}: 'java.lang.Object java.lang.invoke.DirectMethodHandle$Holder.invokeStaticInit(java.lang.Object, java.lang.Object, int, int, int, int)'> (0x00000000fe376980) thrown at [./src/hotspot/share/interpreter/linkResolver.cpp, line 773]
Event: 4.699 Thread 0x000001efb6bdd000 Exception <a 'java/lang/NoSuchMethodError'{0x00000000fe23d168}: 'void java.lang.invoke.DirectMethodHandle$Holder.invokeSpecial(java.lang.Object, java.lang.Object)'> (0x00000000fe23d168) thrown at [./src/hotspot/share/interpreter/linkResolver.cpp, line 773]
Event: 4.707 Thread 0x000001efb6bdd000 Implicit null exception at 0x000001efc8621f74 to 0x000001efc8622478
Event: 4.708 Thread 0x000001efb6bdd000 Implicit null exception at 0x000001efc86347f4 to 0x000001efc8634ccc

Events (20 events):
Event: 264.825 loading class java/io/ObjectInputStream$BlockDataInputStream
Event: 264.826 loading class java/io/ObjectInputStream$BlockDataInputStream done
Event: 264.826 loading class java/io/ObjectInputStream$PeekInputStream
Event: 264.826 loading class java/io/ObjectInputStream$PeekInputStream done
Event: 264.826 loading class java/io/ObjectInputStream$HandleTable
Event: 264.826 loading class java/io/ObjectInputStream$HandleTable done
Event: 264.826 loading class java/io/ObjectInputStream$HandleTable$HandleList
Event: 264.826 loading class java/io/ObjectInputStream$HandleTable$HandleList done
Event: 264.826 loading class java/io/ObjectInputStream$ValidationList
Event: 264.826 loading class java/io/ObjectInputStream$ValidationList done
Event: 264.826 loading class java/io/ObjectInputFilter$Config
Event: 264.826 loading class java/io/ObjectInputFilter$Config done
Event: 264.827 loading class java/io/ObjectInputFilter
Event: 264.827 loading class java/io/ObjectInputFilter done
Event: 264.827 loading class jdk/internal/misc/JavaObjectInputFilterAccess
Event: 264.828 loading class jdk/internal/misc/JavaObjectInputFilterAccess done
Event: 264.828 loading class java/io/Bits
Event: 264.828 loading class java/io/Bits done
Event: 264.828 loading class org/gradle/internal/serialize/ExceptionReplacingObjectInputStream$1
Event: 264.828 loading class org/gradle/internal/serialize/ExceptionReplacingObjectInputStream$1 done


Dynamic libraries:
0x00007ff64e520000 - 0x00007ff64e52d000 	C:\Program Files\Microsoft\jdk-11.0.18.10-hotspot\bin\java.exe
0x00007ffb5db90000 - 0x00007ffb5dd88000 	C:\Windows\SYSTEM32\ntdll.dll
0x00007ffb5c820000 - 0x00007ffb5c8dd000 	C:\Windows\System32\KERNEL32.DLL
0x00007ffb5b470000 - 0x00007ffb5b766000 	C:\Windows\System32\KERNELBASE.dll
0x00007ffb5b370000 - 0x00007ffb5b470000 	C:\Windows\System32\ucrtbase.dll
0x00007ffb4c780000 - 0x00007ffb4c797000 	C:\Program Files\Microsoft\jdk-11.0.18.10-hotspot\bin\jli.dll
0x00007ffb5c4c0000 - 0x00007ffb5c65e000 	C:\Windows\System32\USER32.dll
0x00007ffb5b7e0000 - 0x00007ffb5b802000 	C:\Windows\System32\win32u.dll
0x00007ffb5c490000 - 0x00007ffb5c4bc000 	C:\Windows\System32\GDI32.dll
0x00007ffb5bad0000 - 0x00007ffb5bbea000 	C:\Windows\System32\gdi32full.dll
0x00007ffb5b810000 - 0x00007ffb5b8ad000 	C:\Windows\System32\msvcp_win.dll
0x00007ffb55b20000 - 0x00007ffb55b35000 	C:\Program Files\Microsoft\jdk-11.0.18.10-hotspot\bin\VCRUNTIME140.dll
0x00007ffb47bb0000 - 0x00007ffb47e4a000 	C:\Windows\WinSxS\amd64_microsoft.windows.common-controls_6595b64144ccf1df_6.0.19041.1110_none_60b5254171f9507e\COMCTL32.dll
0x00007ffb5c6d0000 - 0x00007ffb5c76e000 	C:\Windows\System32\msvcrt.dll
0x00007ffb5d060000 - 0x00007ffb5d090000 	C:\Windows\System32\IMM32.DLL
0x00007ffb3ad70000 - 0x00007ffb3ae0b000 	C:\Program Files\Microsoft\jdk-11.0.18.10-hotspot\bin\msvcp140.dll
0x00007ffb224e0000 - 0x00007ffb23072000 	C:\Program Files\Microsoft\jdk-11.0.18.10-hotspot\bin\server\jvm.dll
0x00007ffb5d2a0000 - 0x00007ffb5d34e000 	C:\Windows\System32\ADVAPI32.dll
0x00007ffb5c3f0000 - 0x00007ffb5c48c000 	C:\Windows\System32\sechost.dll
0x00007ffb5d600000 - 0x00007ffb5d726000 	C:\Windows\System32\RPCRT4.dll
0x00007ffb5c3e0000 - 0x00007ffb5c3e8000 	C:\Windows\System32\PSAPI.DLL
0x00007ffb57910000 - 0x00007ffb57919000 	C:\Windows\SYSTEM32\WSOCK32.dll
0x00007ffb5c660000 - 0x00007ffb5c6cb000 	C:\Windows\System32\WS2_32.dll
0x00007ffb4a8f0000 - 0x00007ffb4a917000 	C:\Windows\SYSTEM32\WINMM.dll
0x00007ffb4cc60000 - 0x00007ffb4cc6a000 	C:\Windows\SYSTEM32\VERSION.dll
0x00007ffb59a50000 - 0x00007ffb59a62000 	C:\Windows\SYSTEM32\kernel.appcore.dll
0x00007ffb55fc0000 - 0x00007ffb55fd0000 	C:\Program Files\Microsoft\jdk-11.0.18.10-hotspot\bin\verify.dll
0x00007ffb58e80000 - 0x00007ffb59064000 	C:\Windows\SYSTEM32\DBGHELP.DLL
0x00007ffb43970000 - 0x00007ffb439a4000 	C:\Windows\SYSTEM32\dbgcore.DLL
0x00007ffb5ba10000 - 0x00007ffb5ba92000 	C:\Windows\System32\bcryptPrimitives.dll
0x00007ffb4b6e0000 - 0x00007ffb4b708000 	C:\Program Files\Microsoft\jdk-11.0.18.10-hotspot\bin\java.dll
0x00007ffb55b10000 - 0x00007ffb55b1a000 	C:\Program Files\Microsoft\jdk-11.0.18.10-hotspot\bin\jimage.dll
0x00007ffb4bb80000 - 0x00007ffb4bb98000 	C:\Program Files\Microsoft\jdk-11.0.18.10-hotspot\bin\zip.dll
0x00007ffb5bc10000 - 0x00007ffb5c355000 	C:\Windows\System32\SHELL32.dll
0x00007ffb592a0000 - 0x00007ffb59a3b000 	C:\Windows\SYSTEM32\windows.storage.dll
0x00007ffb5d790000 - 0x00007ffb5dae4000 	C:\Windows\System32\combase.dll
0x00007ffb5abd0000 - 0x00007ffb5abfe000 	C:\Windows\SYSTEM32\Wldp.dll
0x00007ffb5d1e0000 - 0x00007ffb5d28d000 	C:\Windows\System32\SHCORE.dll
0x00007ffb5daf0000 - 0x00007ffb5db45000 	C:\Windows\System32\shlwapi.dll
0x00007ffb5b1a0000 - 0x00007ffb5b1c5000 	C:\Windows\SYSTEM32\profapi.dll
0x00007ffb4b9b0000 - 0x00007ffb4b9c9000 	C:\Program Files\Microsoft\jdk-11.0.18.10-hotspot\bin\net.dll
0x00007ffb538d0000 - 0x00007ffb539da000 	C:\Windows\SYSTEM32\WINHTTP.dll
0x00007ffb5a9b0000 - 0x00007ffb5aa1a000 	C:\Windows\system32\mswsock.dll
0x00007ffb4b6c0000 - 0x00007ffb4b6d3000 	C:\Program Files\Microsoft\jdk-11.0.18.10-hotspot\bin\nio.dll
0x00007ffb4b3d0000 - 0x00007ffb4b3f7000 	C:\Users\HT\.gradle\native\68d5fa5c4cc2d200863cafc0d521ce42e7d3e7ee720ec0a83991735586a16f82\windows-amd64\native-platform.dll
0x00007ffb4c9e0000 - 0x00007ffb4c9ea000 	C:\Users\HT\.gradle\native\jansi\1.18\windows64\jansi.dll
0x00007ffb4c990000 - 0x00007ffb4c999000 	C:\Program Files\Microsoft\jdk-11.0.18.10-hotspot\bin\management.dll
0x00007ffb4b3c0000 - 0x00007ffb4b3cb000 	C:\Program Files\Microsoft\jdk-11.0.18.10-hotspot\bin\management_ext.dll
0x00007ffb5ac10000 - 0x00007ffb5ac28000 	C:\Windows\SYSTEM32\CRYPTSP.dll
0x00007ffb5a270000 - 0x00007ffb5a2a4000 	C:\Windows\system32\rsaenh.dll
0x00007ffb5baa0000 - 0x00007ffb5bac7000 	C:\Windows\System32\bcrypt.dll
0x00007ffb5b160000 - 0x00007ffb5b18e000 	C:\Windows\SYSTEM32\USERENV.dll
0x00007ffb5ab40000 - 0x00007ffb5ab4c000 	C:\Windows\SYSTEM32\CRYPTBASE.dll
0x00007ffb5a670000 - 0x00007ffb5a6ab000 	C:\Windows\SYSTEM32\IPHLPAPI.DLL
0x00007ffb5d290000 - 0x00007ffb5d298000 	C:\Windows\System32\NSI.dll
0x00007ffb538b0000 - 0x00007ffb538c7000 	C:\Windows\SYSTEM32\dhcpcsvc6.DLL
0x00007ffb537a0000 - 0x00007ffb537bd000 	C:\Windows\SYSTEM32\dhcpcsvc.DLL
0x00007ffb5a6b0000 - 0x00007ffb5a77a000 	C:\Windows\SYSTEM32\DNSAPI.dll

dbghelp: loaded successfully - version: 4.0.5 - missing functions: none
symbol engine: initialized successfully - sym options: 0x614 - pdb path: .;C:\Program Files\Microsoft\jdk-11.0.18.10-hotspot\bin;C:\Windows\SYSTEM32;C:\Windows\WinSxS\amd64_microsoft.windows.common-controls_6595b64144ccf1df_6.0.19041.1110_none_60b5254171f9507e;C:\Program Files\Microsoft\jdk-11.0.18.10-hotspot\bin\server;C:\Users\HT\.gradle\native\68d5fa5c4cc2d200863cafc0d521ce42e7d3e7ee720ec0a83991735586a16f82\windows-amd64;C:\Users\HT\.gradle\native\jansi\1.18\windows64

VM Arguments:
jvm_args: -Xmx64m -Xms64m -Dorg.gradle.appname=gradlew 
java_command: org.gradle.wrapper.GradleWrapperMain app:installDebug -PreactNativeDevServerPort=8081
java_class_path (initial): D:\Coding\Learning Projects\REACT-NATIVE\EmployeeTracking\android\\gradle\wrapper\gradle-wrapper.jar
Launcher Type: SUN_STANDARD

[Global flags]
     intx CICompilerCount                          = 3                                         {product} {ergonomic}
     uint ConcGCThreads                            = 1                                         {product} {ergonomic}
     uint G1ConcRefinementThreads                  = 4                                         {product} {ergonomic}
   size_t G1HeapRegionSize                         = 1048576                                   {product} {ergonomic}
    uintx GCDrainStackTargetSize                   = 64                                        {product} {ergonomic}
   size_t InitialHeapSize                          = 67108864                                  {product} {command line}
   size_t MarkStackSize                            = 4194304                                   {product} {ergonomic}
   size_t MaxHeapSize                              = 67108864                                  {product} {command line}
   size_t MaxNewSize                               = 39845888                                  {product} {ergonomic}
   size_t MinHeapDeltaBytes                        = 1048576                                   {product} {ergonomic}
    uintx NonNMethodCodeHeapSize                   = 5830732                                {pd product} {ergonomic}
    uintx NonProfiledCodeHeapSize                  = 122913754                              {pd product} {ergonomic}
    uintx ProfiledCodeHeapSize                     = 122913754                              {pd product} {ergonomic}
    uintx ReservedCodeCacheSize                    = 251658240                              {pd product} {ergonomic}
     bool SegmentedCodeCache                       = true                                      {product} {ergonomic}
     bool UseCompressedClassPointers               = true                                 {lp64_product} {ergonomic}
     bool UseCompressedOops                        = true                                 {lp64_product} {ergonomic}
     bool UseG1GC                                  = true                                      {product} {ergonomic}
     bool UseLargePagesIndividualAllocation        = false                                  {pd product} {ergonomic}

Logging:
Log output configuration:
 #0: stdout all=warning uptime,level,tags
 #1: stderr all=off uptime,level,tags

Environment Variables:
JAVA_HOME=C:\Program Files\Microsoft\jdk-11.0.18.10-hotspot\
CLASSPATH=D:\Coding\Learning Projects\REACT-NATIVE\EmployeeTracking\android\\gradle\wrapper\gradle-wrapper.jar
PATH=D:\Coding\Learning Projects\REACT-NATIVE\EmployeeTracking\node_modules\.bin;D:\Coding\Learning Projects\REACT-NATIVE\node_modules\.bin;D:\Coding\Learning Projects\node_modules\.bin;D:\Coding\node_modules\.bin;D:\node_modules\.bin;C:\Users\HT\AppData\Roaming\nvm\v18.14.1\node_modules\npm\node_modules\@npmcli\run-script\lib\node-gyp-bin;C:\Program Files\Microsoft\jdk-11.0.18.10-hotspot\bin;C:\Windows\system32;C:\Windows;C:\Windows\System32\Wbem;C:\Windows\System32\WindowsPowerShell\v1.0\;C:\Windows\System32\OpenSSH\;C:\Program Files (x86)\AMD\ATI.ACE\Core-Static;C:\Program Files\Git\cmd;C:\Program Files\Docker\Docker\resources\bin;C:\ProgramData\chocolatey\bin;C:\Users\HT\AppData\Local\Android\Sdk\platform-tools;C:\Users\HT\AppData\Roaming\nvm;C:\Program Files\nodejs;C:\Program Files\dotnet\;C:\Users\HT\AppData\Local\Android\Sdk\tools;C:\Users\HT\AppData\Local\Programs\Python\Python311\Scripts\;C:\Users\HT\AppData\Local\Programs\Python\Python311\;C:\Users\HT\AppData\Local\Microsoft\WindowsApps;C:\Users\HT\AppData\Local\Programs\Microsoft VS Code\bin;C:\Users\HT\AppData\Local\GitHubDesktop\bin;C:\Users\HT\AppData\Roaming\npm;C:\Users\HT\AppData\Roaming\nvm;C:\Program Files\nodejs
USERNAME=HT
OS=Windows_NT
PROCESSOR_IDENTIFIER=Intel64 Family 6 Model 78 Stepping 3, GenuineIntel
TMP=C:\Users\HT\AppData\Local\Temp
TEMP=C:\Users\HT\AppData\Local\Temp



---------------  S Y S T E M  ---------------

OS: Windows 10 , 64 bit Build 19041 (10.0.19041.3393)
OS uptime: 2 days 3:42 hours
Hyper-V role detected

CPU:total 4 (initial active 4) (2 cores per cpu, 2 threads per core) family 6 model 78 stepping 3 microcode 0xf0, cmov, cx8, fxsr, mmx, sse, sse2, sse3, ssse3, sse4.1, sse4.2, popcnt, avx, avx2, aes, clmul, erms, rtm, 3dnowpref, lzcnt, ht, tsc, tscinvbit, bmi1, bmi2, adx, fma

Memory: 4k page, system-wide physical 8083M (567M free)
TotalPageFile size 17061M (AvailPageFile size 232M)
current process WorkingSet (physical memory assigned to process): 52M, peak: 101M
current process commit charge ("private bytes"): 152M, peak: 179M

vm_info: OpenJDK 64-Bit Server VM (11.0.18+10-LTS) for windows-amd64 JRE (11.0.18+10-LTS), built on Jan 18 2023 15:56:47 by "MicrosoftCorporation" with MS VC++ 15.9 (VS2017)

END.
